001	10.1016/0003-2670(93)E0483-N
002	10.1016/0009-2614(94)00577-X
003	10.1016/0011-2275(93)90253-K
004	10.1016/0011-2275(95)90828-4
005	10.1016/0022-0248(96)80030-3
006	10.1016/0022-3697(93)90195-W
007	10.1016/0022-5088(90)90567-4
008	10.1016/0038-1098(87)90651-X
009	10.1016/0038-1098(90)90384-N
010	10.1016/0038-1098(93)90863-I
011	10.1016/0038-1098(96)00240-2
012	10.1016/0038-1098(96)00373-0
013	10.1016/0040-6031(93)80394-P
014	10.1016/0040-6090(92)90563-Q
015	10.1016/0040-6090(93)90266-R
016	10.1016/0040-6090(93)90531-S
017	10.1016/0042-207X(92)90045-X
018	10.1016/0167-2738(93)90231-Q
019	10.1016/0168-583X(96)00249-2
020	10.1016/0168-9002(95)01130-7
021	10.1016/0254-0584(94)90052-3
022	10.1016/0304-8853(89)90081-4
023	10.1016/0304-8853(90)90658-D
024	10.1016/0370-1573(92)90035-X
025	10.1016/0370-1573(94)90120-1
026	10.1016/0378-4371(94)90384-0
027	10.1016/0379-6779(89)90870-9
028	10.1016/0379-6779(96)80154-8
029	10.1016/0920-3796(95)90168-X
030	10.1016/0921-4526(90)90175-T
031	10.1016/0921-4526(93)90772-X
032	10.1016/0921-4526(93)90773-Y
033	10.1016/0921-4526(94)90262-3
034	10.1016/0921-4534(88)90770-8
035	10.1016/0921-4534(89)90146-9
036	10.1016/0921-4534(89)90473-5
037	10.1016/0921-4534(90)90055-J
038	10.1016/0921-4534(90)90082-P
039	10.1016/0921-4534(90)90215-Z
040	10.1016/0921-4534(90)90528-M
041	10.1016/0921-4534(90)90577-2
042	10.1016/0921-4534(90)90620-T
043	10.1016/0921-4534(91)90062-4
044	10.1016/0921-4534(91)90165-U
045	10.1016/0921-4534(91)90281-3
046	10.1016/0921-4534(91)90289-B
047	10.1016/0921-4534(91)90294-9
048	10.1016/0921-4534(91)90465-B
049	10.1016/0921-4534(91)90531-3
050	10.1016/0921-4534(91)90584-L
051	10.1016/0921-4534(92)90011-Z
052	10.1016/0921-4534(92)90069-O
053	10.1016/0921-4534(92)90163-7
054	10.1016/0921-4534(92)90175-C
055	10.1016/0921-4534(92)90192-F
056	10.1016/0921-4534(92)90212-U
057	10.1016/0921-4534(92)90235-5
058	10.1016/0921-4534(92)90331-6
059	10.1016/0921-4534(92)90428-F
060	10.1016/0921-4534(92)90483-S
061	10.1016/0921-4534(92)90493-V
062	10.1016/0921-4534(92)90525-H
063	10.1016/0921-4534(92)90540-S
064	10.1016/0921-4534(93)90009-F
065	10.1016/0921-4534(93)90082-2
066	10.1016/0921-4534(93)90133-B
067	10.1016/0921-4534(93)90198-Y
068	10.1016/0921-4534(93)90228-I
069	10.1016/0921-4534(93)90274-T
070	10.1016/0921-4534(93)90349-U
071	10.1016/0921-4534(93)90417-O
072	10.1016/0921-4534(93)90491-8
073	10.1016/0921-4534(93)90631-Y
074	10.1016/0921-4534(93)90634-3
075	10.1016/0921-4534(93)90670-L
076	10.1016/0921-4534(93)90681-F
077	10.1016/0921-4534(93)90733-7
078	10.1016/0921-4534(93)90739-D
079	10.1016/0921-4534(93)90830-J
080	10.1016/0921-4534(93)90834-D
081	10.1016/0921-4534(93)90840-M
082	10.1016/0921-4534(93)91019-R
083	10.1016/0921-4534(94)02435-9
084	10.1016/0921-4534(94)02451-0
085	10.1016/0921-4534(94)90106-6
086	10.1016/0921-4534(94)90144-9
087	10.1016/0921-4534(94)90228-3
088	10.1016/0921-4534(94)90284-4
089	10.1016/0921-4534(94)90324-7
090	10.1016/0921-4534(94)90358-1
091	10.1016/0921-4534(94)90369-7
092	10.1016/0921-4534(94)90448-0
093	10.1016/0921-4534(94)90473-1
094	10.1016/0921-4534(94)90510-X
095	10.1016/0921-4534(94)90627-0
096	10.1016/0921-4534(94)90638-6
097	10.1016/0921-4534(94)90639-4
098	10.1016/0921-4534(94)90712-9
099	10.1016/0921-4534(94)90762-5
100	10.1016/0921-4534(94)90789-7
101	10.1016/0921-4534(94)90895-8
102	10.1016/0921-4534(94)91284-X
103	10.1016/0921-4534(95)00038-0
104	10.1016/0921-4534(95)00076-3
105	10.1016/0921-4534(95)00090-9
106	10.1016/0921-4534(95)00099-2
107	10.1016/0921-4534(95)00205-7
108	10.1016/0921-4534(95)00258-8
109	10.1016/0921-4534(95)00317-7
110	10.1016/0921-4534(95)00346-0
111	10.1016/0921-4534(95)00483-1
112	10.1016/0921-4534(95)00505-6
113	10.1016/0921-4534(95)00509-9
114	10.1016/0921-4534(95)00511-0
115	10.1016/0921-4534(95)00560-9
116	10.1016/0921-4534(95)00565-X
117	10.1016/0921-4534(95)00579-X
118	10.1016/0921-4534(95)00595-1
119	10.1016/0921-4534(95)00634-6
120	10.1016/0921-4534(95)00658-3
121	10.1016/0921-4534(95)00708-3
122	10.1016/0921-4534(95)80021-2
123	10.1016/0921-4534(96)00092-5
124	10.1016/0921-4534(96)00128-1
125	10.1016/0921-4534(96)00147-5
126	10.1016/0921-4534(96)00212-2
127	10.1016/0921-4534(96)00282-1
128	10.1016/0921-4534(96)00321-8
129	10.1016/0921-4534(96)00367-X
130	10.1016/0921-4534(96)00408-X
131	10.1016/0921-4534(96)00411-X
132	10.1016/0921-4534(96)00456-X
133	10.1016/0921-4534(96)00473-X
134	10.1016/0921-5107(94)90279-8
135	10.1016/0925-8388(93)90755-C
136	10.1016/0925-8388(93)90769-J
137	10.1016/0925-8388(93)90798-R
138	10.1016/0925-8388(94)90507-X
139	10.1016/0925-8388(94)90851-6
140	10.1016/0926-860X(94)85001-1
141	10.1016/0956-7151(93)90017-M
142	10.1016/0964-1807(94)90087-6
143	10.1016/0964-1807(96)00015-4
144	10.1016/1350-4495(95)00135-2
145	10.1016/B978-0-444-89353-6.50006-3
146	10.1016/B978-081551453-4.50016-6
147	10.1016/B978-1-4832-8382-1.50101-4
148	10.1016/S0011-2275(96)00090-2
149	10.1016/S0022-3697(97)00025-5
150	10.1016/S0038-1098(96)00645-X
151	10.1016/S0081-1947(08)60665-7
152	10.1016/S0167-577X(97)00069-4
153	10.1016/S0168-1273(01)31004-8
154	10.1016/S0168-1273(01)31013-9
155	10.1016/S0168-1273(05)80016-9
156	10.1016/S0168-583X(96)00832-4
157	10.1016/S0169-4332(96)00874-4
158	10.1016/S0375-9601(98)00092-9
159	10.1016/S0921-4526(00)00686-4
160	10.1016/S0921-4534(00)00205-7
161	10.1016/S0921-4534(00)00508-6
162	10.1016/S0921-4534(00)00932-1
163	10.1016/S0921-4534(00)01342-3
164	10.1016/S0921-4534(00)01463-5
165	10.1016/S0921-4534(05)80009-7
166	10.1016/S0921-4534(96)00577-1
167	10.1016/S0921-4534(96)00618-1
168	10.1016/S0921-4534(96)00650-8
169	10.1016/S0921-4534(96)00716-2
170	10.1016/S0921-4534(97)00038-5
171	10.1016/S0921-4534(97)00044-0
172	10.1016/S0921-4534(97)00085-3
173	10.1016/S0921-4534(97)00091-9
174	10.1016/S0921-4534(97)00177-9
175	10.1016/S0921-4534(97)00656-4
176	10.1016/S0921-4534(97)01491-3
177	10.1016/S0921-4534(97)01509-8
178	10.1016/S0921-4534(97)01570-0
179	10.1016/S0921-4534(97)01602-X
180	10.1016/S0921-4534(97)01607-9
181	10.1016/S0921-4534(97)01664-X
182	10.1016/S0921-4534(97)01776-0
183	10.1016/S0921-5107(96)01912-5
184	10.1016/S0921-5107(97)00294-8
185	10.1016/S0925-8388(96)02792-2
186	10.1016/S0927-796X(98)00010-2
187	10.1016/S0964-1807(97)00011-2
188	10.1016/S1002-0721(16)60112-6
189	10.1016/S1002-0721(16)60177-1
190	10.1016/S1005-0302(12)60038-3
191	10.1016/S1875-5372(10)60050-1
192	10.1016/S1875-5372(12)60056-3
193	10.1016/S1875-5372(18)30103-6
194	10.1016/S1875-5372(18)30142-5
195	10.1016/j.crhy.2012.11.001
196	10.1016/j.jpcs.2008.12.006
197	10.1016/j.matpr.2015.06.024
198	10.1016/j.matpr.2018.01.125
199	10.1016/j.matpr.2018.04.026
200	10.1016/j.tsf.2003.11.283
201	10.1007/s11434-016-1106-y
202	10.1007/s11434-016-1145-4
203	10.1007/s11434-016-1204-x
204	10.1016/B978-0-12-385469-8.00026-5
205	10.1016/B978-0-12-409509-0.00018-4
206	10.1016/B978-0-12-801300-7.00010-3
207	10.1016/B978-0-12-801639-8.00019-2
208	10.1016/B978-0-12-803581-8.02726-0
209	10.1016/B978-0-12-811166-6.00014-5
210	10.1016/B978-0-444-59550-8.00011-9
211	10.1016/S1002-0721(10)60348-1
212	10.1016/S1002-0721(12)60031-3
213	10.1016/S1875-5372(12)60020-4
214	10.1016/S1875-5372(12)60058-7
215	10.1016/S1875-5372(13)60010-7
216	10.1016/S1875-5372(16)30001-7
217	10.1016/S1875-5372(18)30220-0
218	10.1016/j.actaastro.2010.04.014
219	10.1016/j.actaastro.2012.02.016
220	10.1016/j.actamat.2011.08.024
221	10.1016/j.actamat.2015.06.013
222	10.1016/j.aej.2012.02.004
223	10.1016/j.aop.2014.07.003
224	10.1016/j.aop.2015.02.005
225	10.1016/j.aop.2015.11.003
226	10.1016/j.apsusc.2016.01.120
227	10.1016/j.apsusc.2017.08.061
228	10.1016/j.apsusc.2018.09.133
229	10.1016/j.bsecv.2016.07.003
230	10.1016/j.cap.2009.12.035
231	10.1016/j.cap.2013.02.019
232	10.1016/j.cap.2016.05.014
233	10.1016/j.cap.2016.06.018
234	10.1016/j.cap.2016.07.004
235	10.1016/j.cap.2017.02.014
236	10.1016/j.cap.2017.03.015
237	10.1016/j.cap.2018.03.008
238	10.1016/j.cap.2019.01.020
239	10.1016/j.carbon.2015.11.073
240	10.1016/j.carbon.2016.06.012
241	10.1016/j.carbon.2017.09.077
242	10.1016/j.carbon.2018.12.001
243	10.1016/j.carbon.2019.06.063
244	10.1016/j.ccr.2017.08.029
245	10.1016/j.ceramint.2012.10.073
246	10.1016/j.ceramint.2012.11.018
247	10.1016/j.ceramint.2013.08.076
248	10.1016/j.ceramint.2013.10.103
249	10.1016/j.ceramint.2014.02.006
250	10.1016/j.ceramint.2015.08.029
251	10.1016/j.ceramint.2015.08.049
252	10.1016/j.ceramint.2015.09.020
253	10.1016/j.ceramint.2015.09.040
254	10.1016/j.ceramint.2015.10.137
255	10.1016/j.ceramint.2016.02.068
256	10.1016/j.ceramint.2016.04.029
257	10.1016/j.ceramint.2016.12.109
258	10.1016/j.ceramint.2017.05.339
259	10.1016/j.ceramint.2017.12.029
260	10.1016/j.ceramint.2017.12.205
261	10.1016/j.ceramint.2018.02.178
262	10.1016/j.ceramint.2018.02.180
263	10.1016/j.ceramint.2018.08.199
264	10.1016/j.ceramint.2018.09.060
265	10.1016/j.ceramint.2018.12.128
266	10.1016/j.ceramint.2019.01.072
267	10.1016/j.ceramint.2019.05.082
268	10.1016/j.ceramint.2019.06.137
269	10.1016/j.commatsci.2012.08.003
270	10.1016/j.commatsci.2016.02.029
271	10.1016/j.commatsci.2017.01.011
272	10.1016/j.commatsci.2017.02.013
273	10.1016/j.commatsci.2018.08.005
274	10.1016/j.cossms.2013.05.004
275	10.1016/j.cpc.2019.01.017
276	10.1016/j.cplett.2017.08.016
277	10.1016/j.crci.2016.04.005
278	10.1016/j.crhy.2011.04.001
279	10.1016/j.crhy.2011.04.006
280	10.1016/j.cryogenics.2010.06.006
281	10.1016/j.cryogenics.2011.05.004
282	10.1016/j.cryogenics.2012.12.002
283	10.1016/j.cryogenics.2013.01.004
284	10.1016/j.cryogenics.2013.05.003
285	10.1016/j.cryogenics.2014.07.004
286	10.1016/j.cryogenics.2016.03.003
287	10.1016/j.cryogenics.2017.04.002
288	10.1016/j.cryogenics.2017.05.004
289	10.1016/j.cryogenics.2017.09.006
290	10.1016/j.cryogenics.2018.08.005
291	10.1016/j.cryogenics.2019.04.009
292	10.1016/j.diamond.2011.06.011
293	10.1016/j.diamond.2018.08.010
294	10.1016/j.egypro.2012.05.033
295	10.1016/j.egypro.2012.05.037
296	10.1016/j.egypro.2013.07.112
297	10.1016/j.egypro.2017.07.052
298	10.1016/j.egypro.2017.07.120
299	10.1016/j.egypro.2018.11.173
300	10.1016/j.egypro.2018.11.174
301	10.1016/j.egypro.2018.11.183
302	10.1016/j.electacta.2017.03.012
303	10.1016/j.elspec.2013.10.001
304	10.1016/j.elspec.2017.07.005
305	10.1016/j.fusengdes.2013.02.082
306	10.1016/j.fusengdes.2013.02.153
307	10.1016/j.ijepes.2016.08.003
308	10.1016/j.ijms.2010.09.027
309	10.1016/j.intermet.2013.04.015
310	10.1016/j.intermet.2016.01.002
311	10.1016/j.intermet.2018.01.005
312	10.1016/j.intermet.2018.12.015
313	10.1016/j.isci.2019.03.026
314	10.1016/j.jallcom.2009.09.186
315	10.1016/j.jallcom.2009.10.144
316	10.1016/j.jallcom.2009.11.100
317	10.1016/j.jallcom.2009.11.144
318	10.1016/j.jallcom.2010.01.106
319	10.1016/j.jallcom.2010.07.141
320	10.1016/j.jallcom.2010.11.137
321	10.1016/j.jallcom.2011.03.160
322	10.1016/j.jallcom.2011.09.068
323	10.1016/j.jallcom.2011.10.035
324	10.1016/j.jallcom.2011.11.016
325	10.1016/j.jallcom.2012.02.057
326	10.1016/j.jallcom.2012.03.061
327	10.1016/j.jallcom.2012.04.028
328	10.1016/j.jallcom.2012.05.074
329	10.1016/j.jallcom.2012.06.082
330	10.1016/j.jallcom.2013.02.104
331	10.1016/j.jallcom.2013.02.125
332	10.1016/j.jallcom.2013.02.155
333	10.1016/j.jallcom.2013.03.219
334	10.1016/j.jallcom.2013.05.042
335	10.1016/j.jallcom.2013.07.016
336	10.1016/j.jallcom.2013.11.013
337	10.1016/j.jallcom.2013.11.033
338	10.1016/j.jallcom.2013.11.121
339	10.1016/j.jallcom.2014.02.057
340	10.1016/j.jallcom.2014.02.134
341	10.1016/j.jallcom.2014.03.189
342	10.1016/j.jallcom.2014.04.057
343	10.1016/j.jallcom.2014.05.008
344	10.1016/j.jallcom.2014.06.054
345	10.1016/j.jallcom.2014.06.134
346	10.1016/j.jallcom.2014.07.210
347	10.1016/j.jallcom.2014.08.063
348	10.1016/j.jallcom.2014.08.065
349	10.1016/j.jallcom.2014.08.162
350	10.1016/j.jallcom.2014.09.083
351	10.1016/j.jallcom.2014.10.186
352	10.1016/j.jallcom.2015.01.024
353	10.1016/j.jallcom.2015.01.210
354	10.1016/j.jallcom.2015.01.288
355	10.1016/j.jallcom.2015.02.167
356	10.1016/j.jallcom.2015.04.133
357	10.1016/j.jallcom.2015.05.018
358	10.1016/j.jallcom.2015.05.212
359	10.1016/j.jallcom.2015.05.288
360	10.1016/j.jallcom.2015.06.001
361	10.1016/j.jallcom.2015.06.198
362	10.1016/j.jallcom.2015.07.158
363	10.1016/j.jallcom.2015.07.275
364	10.1016/j.jallcom.2015.09.133
365	10.1016/j.jallcom.2015.10.077
366	10.1016/j.jallcom.2015.10.112
367	10.1016/j.jallcom.2015.10.140
368	10.1016/j.jallcom.2015.10.295
369	10.1016/j.jallcom.2015.12.099
370	10.1016/j.jallcom.2016.01.076
371	10.1016/j.jallcom.2016.01.086
372	10.1016/j.jallcom.2016.06.202
373	10.1016/j.jallcom.2016.07.203
374	10.1016/j.jallcom.2016.08.044
375	10.1016/j.jallcom.2016.09.169
376	10.1016/j.jallcom.2016.09.314
377	10.1016/j.jallcom.2016.11.179
378	10.1016/j.jallcom.2016.12.133
379	10.1016/j.jallcom.2016.12.370
380	10.1016/j.jallcom.2017.04.006
381	10.1016/j.jallcom.2017.04.206
382	10.1016/j.jallcom.2017.05.330
383	10.1016/j.jallcom.2017.06.081
384	10.1016/j.jallcom.2017.06.125
385	10.1016/j.jallcom.2017.07.043
386	10.1016/j.jallcom.2017.08.183
387	10.1016/j.jallcom.2017.08.242
388	10.1016/j.jallcom.2017.11.283
389	10.1016/j.jallcom.2017.12.266
390	10.1016/j.jallcom.2018.02.116
391	10.1016/j.jallcom.2018.02.139
392	10.1016/j.jallcom.2018.02.175
393	10.1016/j.jallcom.2018.02.261
394	10.1016/j.jallcom.2018.02.354
395	10.1016/j.jallcom.2018.03.328
396	10.1016/j.jallcom.2018.04.312
397	10.1016/j.jallcom.2018.05.110
398	10.1016/j.jallcom.2018.06.142
399	10.1016/j.jallcom.2018.09.193
400	10.1016/j.jallcom.2018.09.236
401	10.1016/j.jallcom.2018.12.062
402	10.1016/j.jallcom.2019.02.072
403	10.1016/j.jallcom.2019.04.318
404	10.1016/j.jallcom.2019.06.186
405	10.1016/j.jallcom.2019.06.206
406	10.1016/j.jallcom.2019.06.320
407	10.1016/j.jascer.2017.06.009
408	10.1016/j.jcis.2009.09.031
409	10.1016/j.jcrysgro.2009.10.042
410	10.1016/j.jcrysgro.2011.02.033
411	10.1016/j.jcrysgro.2011.04.010
412	10.1016/j.jcrysgro.2013.11.008
413	10.1016/j.jcrysgro.2014.04.008
414	10.1016/j.jcrysgro.2016.07.029
415	10.1016/j.jcrysgro.2016.12.060
416	10.1016/j.jeurceramsoc.2014.12.001
417	10.1016/j.jeurceramsoc.2015.01.033
418	10.1016/j.jeurceramsoc.2016.09.035
419	10.1016/j.jeurceramsoc.2018.07.007
420	10.1016/j.jmmm.2011.04.002
421	10.1016/j.jmmm.2011.09.022
422	10.1016/j.jmmm.2012.02.017
423	10.1016/j.jmmm.2012.02.058
424	10.1016/j.jmmm.2012.02.064
425	10.1016/j.jmmm.2012.04.057
426	10.1016/j.jmmm.2014.06.032
427	10.1016/j.jmmm.2014.10.004
428	10.1016/j.jmmm.2014.10.008
429	10.1016/j.jmmm.2015.07.053
430	10.1016/j.jmmm.2015.08.067
431	10.1016/j.jmmm.2015.12.093
432	10.1016/j.jmmm.2016.01.003
433	10.1016/j.jmmm.2016.04.066
434	10.1016/j.jmmm.2016.06.042
435	10.1016/j.jmmm.2017.03.002
436	10.1016/j.jmmm.2017.08.082
437	10.1016/j.jmmm.2017.11.061
438	10.1016/j.jmmm.2018.02.079
439	10.1016/j.jmmm.2019.01.085
440	10.1016/j.jmr.2017.08.007
441	10.1016/j.jnoncrysol.2012.02.016
442	10.1016/j.jpcs.2010.10.002
443	10.1016/j.jpcs.2010.10.013
444	10.1016/j.jpcs.2010.10.020
445	10.1016/j.jpcs.2010.10.027
446	10.1016/j.jpcs.2010.10.032
447	10.1016/j.jpcs.2010.10.034
448	10.1016/j.jpcs.2010.10.038
449	10.1016/j.jpcs.2010.10.041
450	10.1016/j.jpcs.2010.10.046
451	10.1016/j.jpcs.2010.10.054
452	10.1016/j.jpcs.2010.10.058
453	10.1016/j.jpcs.2010.10.059
454	10.1016/j.jpcs.2010.10.060
455	10.1016/j.jpcs.2010.10.066
456	10.1016/j.jpcs.2011.03.010
457	10.1016/j.jpcs.2013.02.011
458	10.1016/j.jpcs.2013.05.007
459	10.1016/j.jpcs.2013.09.026
460	10.1016/j.jpcs.2014.07.012
461	10.1016/j.jpcs.2015.01.016
462	10.1016/j.jpcs.2015.04.019
463	10.1016/j.jpcs.2016.08.007
464	10.1016/j.jpcs.2017.01.004
465	10.1016/j.jpcs.2017.01.026
466	10.1016/j.jpcs.2018.03.025
467	10.1016/j.jpcs.2018.05.046
468	10.1016/j.jpcs.2018.08.020
469	10.1016/j.jpcs.2018.09.039
470	10.1016/j.jpcs.2019.04.035
471	10.1016/j.jre.2018.05.010
472	10.1016/j.jssc.2009.11.026
473	10.1016/j.jssc.2010.01.024
474	10.1016/j.jssc.2011.05.029
475	10.1016/j.jssc.2011.06.003
476	10.1016/j.jssc.2011.12.026
477	10.1016/j.jssc.2012.07.033
478	10.1016/j.jssc.2013.04.033
479	10.1016/j.jssc.2013.10.014
480	10.1016/j.jssc.2014.02.024
481	10.1016/j.jssc.2015.06.004
482	10.1016/j.jssc.2015.08.050
483	10.1016/j.jssc.2017.04.040
484	10.1016/j.jssc.2017.10.015
485	10.1016/j.jssc.2018.06.029
486	10.1016/j.matchemphys.2009.08.049
487	10.1016/j.matchemphys.2011.10.010
488	10.1016/j.matchemphys.2012.07.057
489	10.1016/j.matchemphys.2014.07.030
490	10.1016/j.matchemphys.2015.04.011
491	10.1016/j.matchemphys.2015.12.040
492	10.1016/j.matchemphys.2017.03.003
493	10.1016/j.matchemphys.2017.08.009
494	10.1016/j.matchemphys.2017.10.015
495	10.1016/j.matdes.2016.11.005
496	10.1016/j.materresbull.2011.11.062
497	10.1016/j.materresbull.2015.02.048
498	10.1016/j.materresbull.2016.01.041
499	10.1016/j.materresbull.2017.05.022
500	10.1016/j.materresbull.2017.08.061
501	10.1016/j.materresbull.2018.11.015
502	10.1016/j.matlet.2010.12.009
503	10.1016/j.matlet.2015.11.074
504	10.1016/j.matlet.2016.03.137
505	10.1016/j.matlet.2018.05.109
506	10.1016/j.matpr.2018.10.381
507	10.1016/j.mattod.2017.09.006
508	10.1016/j.molstruc.2011.06.022
509	10.1016/j.molstruc.2013.03.059
510	10.1016/j.mseb.2010.02.009
511	10.1016/j.mseb.2010.05.009
512	10.1016/j.mseb.2013.01.004
513	10.1016/j.mspro.2015.11.125
514	10.1016/j.nimb.2010.07.008
515	10.1016/j.nimb.2015.10.073
516	10.1016/j.nimb.2016.02.036
517	10.1016/j.nimb.2018.02.027
518	10.1016/j.nuclphysb.2016.01.010
519	10.1016/j.optmat.2016.01.002
520	10.1016/j.orgel.2013.03.035
521	10.1016/j.phpro.2012.03.410
522	10.1016/j.phpro.2012.03.415
523	10.1016/j.phpro.2012.03.463
524	10.1016/j.phpro.2012.04.089
525	10.1016/j.phpro.2012.04.090
526	10.1016/j.phpro.2012.06.065
527	10.1016/j.phpro.2012.06.085
528	10.1016/j.phpro.2012.06.087
529	10.1016/j.phpro.2012.06.096
530	10.1016/j.phpro.2012.06.118
531	10.1016/j.phpro.2012.06.119
532	10.1016/j.phpro.2012.06.121
533	10.1016/j.phpro.2012.06.123
534	10.1016/j.phpro.2012.06.153
535	10.1016/j.phpro.2012.06.206
536	10.1016/j.phpro.2012.06.211
537	10.1016/j.phpro.2012.06.219
538	10.1016/j.phpro.2012.06.220
539	10.1016/j.phpro.2012.06.223
540	10.1016/j.phpro.2012.06.277
541	10.1016/j.phpro.2012.06.303
542	10.1016/j.phpro.2012.06.324
543	10.1016/j.phpro.2013.04.042
544	10.1016/j.phpro.2013.04.047
545	10.1016/j.phpro.2013.04.079
546	10.1016/j.phpro.2013.04.083
547	10.1016/j.phpro.2014.09.006
548	10.1016/j.phpro.2014.09.014
549	10.1016/j.phpro.2014.09.015
550	10.1016/j.phpro.2014.09.017
551	10.1016/j.phpro.2014.09.019
552	10.1016/j.phpro.2014.09.026
553	10.1016/j.phpro.2014.09.030
554	10.1016/j.phpro.2014.09.031
555	10.1016/j.phpro.2014.09.033
556	10.1016/j.phpro.2014.09.041
557	10.1016/j.phpro.2014.09.082
558	10.1016/j.phpro.2015.05.089
559	10.1016/j.phpro.2015.05.092
560	10.1016/j.phpro.2015.05.121
561	10.1016/j.phpro.2015.06.158
562	10.1016/j.phpro.2015.06.160
563	10.1016/j.phpro.2015.06.168
564	10.1016/j.phpro.2015.12.013
565	10.1016/j.phpro.2015.12.020
566	10.1016/j.phpro.2015.12.031
567	10.1016/j.phpro.2016.04.005
568	10.1016/j.phpro.2016.04.006
569	10.1016/j.phpro.2016.04.008
570	10.1016/j.phpro.2016.04.016
571	10.1016/j.phpro.2016.04.018
572	10.1016/j.phpro.2016.04.027
573	10.1016/j.phpro.2016.04.029
574	10.1016/j.phpro.2016.04.038
575	10.1016/j.phpro.2016.04.049
576	10.1016/j.phpro.2017.09.037
577	10.1016/j.physa.2014.03.046
578	10.1016/j.physb.2009.11.074
579	10.1016/j.physb.2009.11.087
580	10.1016/j.physb.2009.12.036
581	10.1016/j.physb.2009.12.073
582	10.1016/j.physb.2010.03.063
583	10.1016/j.physb.2010.04.015
584	10.1016/j.physb.2010.05.026
585	10.1016/j.physb.2010.08.053
586	10.1016/j.physb.2010.12.017
587	10.1016/j.physb.2010.12.052
588	10.1016/j.physb.2011.01.048
589	10.1016/j.physb.2011.11.036
590	10.1016/j.physb.2012.04.005
591	10.1016/j.physb.2012.10.041
592	10.1016/j.physb.2012.12.038
593	10.1016/j.physb.2013.01.012
594	10.1016/j.physb.2013.05.034
595	10.1016/j.physb.2013.06.027
596	10.1016/j.physb.2013.09.050
597	10.1016/j.physb.2013.10.035
598	10.1016/j.physb.2014.03.001
599	10.1016/j.physb.2014.06.003
600	10.1016/j.physb.2014.06.034
601	10.1016/j.physb.2015.02.011
602	10.1016/j.physb.2015.05.006
603	10.1016/j.physb.2015.07.003
604	10.1016/j.physb.2016.01.025
605	10.1016/j.physb.2016.01.030
606	10.1016/j.physb.2016.03.016
607	10.1016/j.physb.2016.04.005
608	10.1016/j.physb.2016.08.013
609	10.1016/j.physb.2016.10.035
610	10.1016/j.physb.2016.11.018
611	10.1016/j.physb.2017.05.020
612	10.1016/j.physb.2017.08.040
613	10.1016/j.physb.2017.09.034
614	10.1016/j.physb.2017.09.047
615	10.1016/j.physb.2017.09.080
616	10.1016/j.physb.2017.10.049
617	10.1016/j.physb.2017.10.088
618	10.1016/j.physb.2017.10.103
619	10.1016/j.physb.2017.12.007
620	10.1016/j.physb.2018.02.038
621	10.1016/j.physb.2018.07.020
622	10.1016/j.physb.2018.12.040
623	10.1016/j.physb.2019.06.033
624	10.1016/j.physb.2019.06.050
625	10.1016/j.physc.2009.09.005
626	10.1016/j.physc.2009.10.010
627	10.1016/j.physc.2009.10.018
628	10.1016/j.physc.2009.10.047
629	10.1016/j.physc.2009.10.070
630	10.1016/j.physc.2009.10.074
631	10.1016/j.physc.2009.10.077
632	10.1016/j.physc.2009.10.083
633	10.1016/j.physc.2009.10.111
634	10.1016/j.physc.2009.10.133
635	10.1016/j.physc.2009.10.137
636	10.1016/j.physc.2009.10.141
637	10.1016/j.physc.2009.10.156
638	10.1016/j.physc.2009.11.005
639	10.1016/j.physc.2009.11.015
640	10.1016/j.physc.2009.11.044
641	10.1016/j.physc.2009.11.053
642	10.1016/j.physc.2009.11.065
643	10.1016/j.physc.2009.11.070
644	10.1016/j.physc.2009.11.071
645	10.1016/j.physc.2009.11.073
646	10.1016/j.physc.2009.11.075
647	10.1016/j.physc.2009.11.079
648	10.1016/j.physc.2009.11.086
649	10.1016/j.physc.2009.11.122
650	10.1016/j.physc.2009.11.125
651	10.1016/j.physc.2009.11.132
652	10.1016/j.physc.2009.11.133
653	10.1016/j.physc.2009.11.137
654	10.1016/j.physc.2009.11.148
655	10.1016/j.physc.2009.11.164
656	10.1016/j.physc.2009.11.179
657	10.1016/j.physc.2009.12.011
658	10.1016/j.physc.2009.12.030
659	10.1016/j.physc.2009.12.061
660	10.1016/j.physc.2010.01.011
661	10.1016/j.physc.2010.01.012
662	10.1016/j.physc.2010.01.019
663	10.1016/j.physc.2010.01.026
664	10.1016/j.physc.2010.01.027
665	10.1016/j.physc.2010.01.031
666	10.1016/j.physc.2010.01.032
667	10.1016/j.physc.2010.01.049
668	10.1016/j.physc.2010.01.058
669	10.1016/j.physc.2010.01.062
670	10.1016/j.physc.2010.02.004
671	10.1016/j.physc.2010.02.018
672	10.1016/j.physc.2010.02.020
673	10.1016/j.physc.2010.02.027
674	10.1016/j.physc.2010.03.005
675	10.1016/j.physc.2010.03.015
676	10.1016/j.physc.2010.03.017
677	10.1016/j.physc.2010.04.005
678	10.1016/j.physc.2010.04.009
679	10.1016/j.physc.2010.04.011
680	10.1016/j.physc.2010.04.013
681	10.1016/j.physc.2010.05.007
682	10.1016/j.physc.2010.05.010
683	10.1016/j.physc.2010.05.023
684	10.1016/j.physc.2010.05.024
685	10.1016/j.physc.2010.05.037
686	10.1016/j.physc.2010.05.040
687	10.1016/j.physc.2010.05.041
688	10.1016/j.physc.2010.05.045
689	10.1016/j.physc.2010.05.046
690	10.1016/j.physc.2010.05.065
691	10.1016/j.physc.2010.05.078
692	10.1016/j.physc.2010.05.130
693	10.1016/j.physc.2010.05.238
694	10.1016/j.physc.2010.06.010
695	10.1016/j.physc.2010.06.011
696	10.1016/j.physc.2010.06.014
697	10.1016/j.physc.2010.07.004
698	10.1016/j.physc.2010.07.006
699	10.1016/j.physc.2010.07.008
700	10.1016/j.physc.2010.09.008
701	10.1016/j.physc.2010.09.011
702	10.1016/j.physc.2010.10.004
703	10.1016/j.physc.2010.11.006
704	10.1016/j.physc.2010.11.010
705	10.1016/j.physc.2010.12.013
706	10.1016/j.physc.2011.02.001
707	10.1016/j.physc.2011.02.011
708	10.1016/j.physc.2011.03.007
709	10.1016/j.physc.2011.04.001
710	10.1016/j.physc.2011.05.010
711	10.1016/j.physc.2011.05.015
712	10.1016/j.physc.2011.05.028
713	10.1016/j.physc.2011.05.031
714	10.1016/j.physc.2011.05.140
715	10.1016/j.physc.2011.05.150
716	10.1016/j.physc.2011.05.151
717	10.1016/j.physc.2011.05.152
718	10.1016/j.physc.2011.05.184
719	10.1016/j.physc.2011.05.251
720	10.1016/j.physc.2011.06.002
721	10.1016/j.physc.2011.08.004
722	10.1016/j.physc.2011.08.007
723	10.1016/j.physc.2011.09.001
724	10.1016/j.physc.2011.12.041
725	10.1016/j.physc.2012.01.003
726	10.1016/j.physc.2012.01.007
727	10.1016/j.physc.2012.01.013
728	10.1016/j.physc.2012.01.024
729	10.1016/j.physc.2012.02.004
730	10.1016/j.physc.2012.02.005
731	10.1016/j.physc.2012.02.008
732	10.1016/j.physc.2012.02.013
733	10.1016/j.physc.2012.02.022
734	10.1016/j.physc.2012.02.031
735	10.1016/j.physc.2012.03.002
736	10.1016/j.physc.2012.03.003
737	10.1016/j.physc.2012.03.013
738	10.1016/j.physc.2012.03.017
739	10.1016/j.physc.2012.03.048
740	10.1016/j.physc.2012.03.052
741	10.1016/j.physc.2012.03.053
742	10.1016/j.physc.2012.03.055
743	10.1016/j.physc.2012.03.059
744	10.1016/j.physc.2012.04.008
745	10.1016/j.physc.2012.04.016
746	10.1016/j.physc.2012.04.031
747	10.1016/j.physc.2012.04.040
748	10.1016/j.physc.2012.05.008
749	10.1016/j.physc.2012.05.018
750	10.1016/j.physc.2012.06.003
751	10.1016/j.physc.2012.06.011
752	10.1016/j.physc.2012.07.003
753	10.1016/j.physc.2012.07.005
754	10.1016/j.physc.2012.08.003
755	10.1016/j.physc.2012.08.006
756	10.1016/j.physc.2012.09.003
757	10.1016/j.physc.2012.09.004
758	10.1016/j.physc.2012.09.008
759	10.1016/j.physc.2012.09.009
760	10.1016/j.physc.2012.11.002
761	10.1016/j.physc.2012.11.007
762	10.1016/j.physc.2012.12.001
763	10.1016/j.physc.2013.01.011
764	10.1016/j.physc.2013.01.018
765	10.1016/j.physc.2013.02.002
766	10.1016/j.physc.2013.02.013
767	10.1016/j.physc.2013.03.007
768	10.1016/j.physc.2013.03.009
769	10.1016/j.physc.2013.03.026
770	10.1016/j.physc.2013.03.028
771	10.1016/j.physc.2013.03.043
772	10.1016/j.physc.2013.03.047
773	10.1016/j.physc.2013.04.041
774	10.1016/j.physc.2013.04.074
775	10.1016/j.physc.2013.04.083
776	10.1016/j.physc.2013.04.084
777	10.1016/j.physc.2013.05.008
778	10.1016/j.physc.2013.05.022
779	10.1016/j.physc.2013.06.017
780	10.1016/j.physc.2013.07.008
781	10.1016/j.physc.2013.07.010
782	10.1016/j.physc.2013.09.006
783	10.1016/j.physc.2013.09.016
784	10.1016/j.physc.2013.10.001
785	10.1016/j.physc.2013.10.005
786	10.1016/j.physc.2013.10.008
787	10.1016/j.physc.2013.12.003
788	10.1016/j.physc.2014.01.002
789	10.1016/j.physc.2014.01.003
790	10.1016/j.physc.2014.01.007
791	10.1016/j.physc.2014.03.004
792	10.1016/j.physc.2014.03.011
793	10.1016/j.physc.2014.03.012
794	10.1016/j.physc.2014.04.005
795	10.1016/j.physc.2014.04.006
796	10.1016/j.physc.2014.04.022
797	10.1016/j.physc.2014.04.025
798	10.1016/j.physc.2014.06.014
799	10.1016/j.physc.2014.07.008
800	10.1016/j.physc.2014.08.004
801	10.1016/j.physc.2014.09.006
802	10.1016/j.physc.2014.09.008
803	10.1016/j.physc.2014.09.011
804	10.1016/j.physc.2014.10.005
805	10.1016/j.physc.2014.10.017
806	10.1016/j.physc.2014.10.019
807	10.1016/j.physc.2014.11.001
808	10.1016/j.physc.2014.11.004
809	10.1016/j.physc.2014.12.003
810	10.1016/j.physc.2014.12.004
811	10.1016/j.physc.2014.12.005
812	10.1016/j.physc.2015.01.007
813	10.1016/j.physc.2015.02.002
814	10.1016/j.physc.2015.02.004
815	10.1016/j.physc.2015.02.010
816	10.1016/j.physc.2015.02.013
817	10.1016/j.physc.2015.02.015
818	10.1016/j.physc.2015.02.023
819	10.1016/j.physc.2015.02.028
820	10.1016/j.physc.2015.02.035
821	10.1016/j.physc.2015.02.042
822	10.1016/j.physc.2015.03.013
823	10.1016/j.physc.2015.03.017
824	10.1016/j.physc.2015.03.022
825	10.1016/j.physc.2015.05.002
826	10.1016/j.physc.2015.05.010
827	10.1016/j.physc.2015.06.015
828	10.1016/j.physc.2015.07.001
829	10.1016/j.physc.2015.08.004
830	10.1016/j.physc.2015.08.009
831	10.1016/j.physc.2015.10.003
832	10.1016/j.physc.2015.11.003
833	10.1016/j.physc.2015.11.005
834	10.1016/j.physc.2016.01.002
835	10.1016/j.physc.2016.02.002
836	10.1016/j.physc.2016.02.011
837	10.1016/j.physc.2016.02.012
838	10.1016/j.physc.2016.02.019
839	10.1016/j.physc.2016.03.002
840	10.1016/j.physc.2016.03.004
841	10.1016/j.physc.2016.03.014
842	10.1016/j.physc.2016.04.002
843	10.1016/j.physc.2016.05.001
844	10.1016/j.physc.2016.05.012
845	10.1016/j.physc.2016.05.017
846	10.1016/j.physc.2016.05.019
847	10.1016/j.physc.2016.06.002
848	10.1016/j.physc.2016.06.021
849	10.1016/j.physc.2016.07.014
850	10.1016/j.physc.2016.07.015
851	10.1016/j.physc.2016.08.002
852	10.1016/j.physc.2016.10.006
853	10.1016/j.physc.2016.10.007
854	10.1016/j.physc.2016.11.004
855	10.1016/j.physc.2016.11.005
856	10.1016/j.physc.2017.05.003
857	10.1016/j.physc.2017.06.001
858	10.1016/j.physc.2017.07.001
859	10.1016/j.physc.2017.07.002
860	10.1016/j.physc.2017.08.002
861	10.1016/j.physc.2017.08.003
862	10.1016/j.physc.2017.09.007
863	10.1016/j.physc.2017.10.009
864	10.1016/j.physc.2017.11.010
865	10.1016/j.physc.2017.11.014
866	10.1016/j.physc.2017.12.005
867	10.1016/j.physc.2017.12.009
868	10.1016/j.physc.2018.01.002
869	10.1016/j.physc.2018.02.002
870	10.1016/j.physc.2018.02.010
871	10.1016/j.physc.2018.02.016
872	10.1016/j.physc.2018.02.017
873	10.1016/j.physc.2018.02.018
874	10.1016/j.physc.2018.02.023
875	10.1016/j.physc.2018.02.025
876	10.1016/j.physc.2018.02.026
877	10.1016/j.physc.2018.02.029
878	10.1016/j.physc.2018.03.005
879	10.1016/j.physc.2018.03.012
880	10.1016/j.physc.2018.04.010
881	10.1016/j.physc.2018.09.004
882	10.1016/j.physc.2018.09.005
883	10.1016/j.physc.2018.10.006
884	10.1016/j.physc.2018.10.007
885	10.1016/j.physc.2018.10.014
886	10.1016/j.physc.2018.11.004
887	10.1016/j.physc.2018.12.005
888	10.1016/j.physc.2018.12.007
889	10.1016/j.physc.2019.01.004
890	10.1016/j.physc.2019.01.007
891	10.1016/j.physc.2019.01.012
892	10.1016/j.physc.2019.02.011
893	10.1016/j.physc.2019.04.005
894	10.1016/j.physc.2019.04.010
895	10.1016/j.physc.2019.04.013
896	10.1016/j.physc.2019.06.001
897	10.1016/j.physc.2019.06.003
898	10.1016/j.physleta.2010.04.070
899	10.1016/j.physleta.2010.10.062
900	10.1016/j.physleta.2010.12.070
901	10.1016/j.physleta.2011.03.059
902	10.1016/j.physleta.2012.02.051
903	10.1016/j.physleta.2012.10.028
904	10.1016/j.physleta.2013.11.006
905	10.1016/j.physleta.2016.03.036
906	10.1016/j.physleta.2016.04.038
907	10.1016/j.physleta.2016.05.054
908	10.1016/j.physleta.2018.09.017
909	10.1016/j.physleta.2018.09.024
910	10.1016/j.physleta.2018.10.031
911	10.1016/j.physleta.2019.01.065
912	10.1016/j.physrep.2018.10.006
913	10.1016/j.pmatsci.2018.08.001
914	10.1016/j.pnsc.2016.11.012
915	10.1016/j.pnsc.2017.06.011
916	10.1016/j.proche.2012.10.095
917	10.1016/j.proeng.2011.12.420
918	10.1016/j.proeng.2012.03.078
919	10.1016/j.progsurf.2018.07.001
920	10.1016/j.reactfunctpolym.2011.03.006
921	10.1016/j.rinp.2016.11.054
922	10.1016/j.rinp.2016.11.067
923	10.1016/j.rinp.2017.03.021
924	10.1016/j.rser.2015.09.004
925	10.1016/j.scib.2017.03.023
926	10.1016/j.scib.2017.12.009
927	10.1016/j.scib.2018.05.016
928	10.1016/j.scib.2018.06.005
929	10.1016/j.scib.2018.09.002
930	10.1016/j.scib.2018.11.017
931	10.1016/j.scib.2018.12.024
932	10.1016/j.scib.2019.01.026
933	10.1016/j.scriptamat.2019.05.012
934	10.1016/j.solidstatesciences.2009.09.015
935	10.1016/j.solidstatesciences.2009.10.013
936	10.1016/j.solidstatesciences.2010.04.030
937	10.1016/j.solidstatesciences.2011.03.001
938	10.1016/j.solidstatesciences.2011.08.024
939	10.1016/j.solidstatesciences.2012.10.004
940	10.1016/j.solidstatesciences.2013.04.016
941	10.1016/j.solidstatesciences.2013.05.001
942	10.1016/j.solidstatesciences.2013.05.002
943	10.1016/j.solidstatesciences.2013.12.005
944	10.1016/j.solidstatesciences.2015.03.001
945	10.1016/j.solidstatesciences.2016.09.016
946	10.1016/j.spmi.2015.03.069
947	10.1016/j.ssc.2009.11.041
948	10.1016/j.ssc.2010.04.019
949	10.1016/j.ssc.2010.06.001
950	10.1016/j.ssc.2010.09.011
951	10.1016/j.ssc.2010.09.032
952	10.1016/j.ssc.2010.10.003
953	10.1016/j.ssc.2010.10.041
954	10.1016/j.ssc.2010.12.005
955	10.1016/j.ssc.2011.01.010
956	10.1016/j.ssc.2011.02.025
957	10.1016/j.ssc.2011.03.006
958	10.1016/j.ssc.2011.05.029
959	10.1016/j.ssc.2011.06.010
960	10.1016/j.ssc.2011.07.005
961	10.1016/j.ssc.2011.11.021
962	10.1016/j.ssc.2011.12.014
963	10.1016/j.ssc.2011.12.021
964	10.1016/j.ssc.2011.12.048
965	10.1016/j.ssc.2012.01.017
966	10.1016/j.ssc.2012.04.077
967	10.1016/j.ssc.2012.09.004
968	10.1016/j.ssc.2012.10.017
969	10.1016/j.ssc.2013.08.015
970	10.1016/j.ssc.2013.11.021
971	10.1016/j.ssc.2014.02.006
972	10.1016/j.ssc.2014.02.007
973	10.1016/j.ssc.2014.09.007
974	10.1016/j.ssc.2014.09.025
975	10.1016/j.ssc.2014.10.007
976	10.1016/j.ssc.2014.12.003
977	10.1016/j.ssc.2015.01.009
978	10.1016/j.ssc.2016.02.011
979	10.1016/j.ssc.2016.07.001
980	10.1016/j.ssc.2017.03.002
981	10.1016/j.ssc.2018.01.001
982	10.1016/j.ssc.2018.03.013
983	10.1016/j.ssc.2018.08.014
984	10.1016/j.ssc.2018.11.017
985	10.1016/j.ssc.2019.01.015
986	10.1016/j.ssc.2019.04.016
987	10.1016/j.susc.2016.01.016
988	10.1016/j.susc.2019.01.004
989	10.1016/j.synthmet.2011.08.012
990	10.1016/j.synthmet.2017.03.008
991	10.1016/j.tca.2010.11.032
992	10.1016/j.tsf.2009.07.184
993	10.1016/j.tsf.2010.07.003
994	10.1016/j.tsf.2012.09.057
995	10.1016/j.tsf.2015.07.057
996	10.1016/j.tsf.2016.05.037
997	10.1016/j.tsf.2018.01.046
998	10.1533/9780857091031.1.103
999	10.1533/9780857091031.1.38
1000	10.1533/9780857091031.2.208